D:\VS\Common7\IDE\VC\VCTargets\Microsoft.CppBuild.targets(387,5): warning MSB8028: промежуточный каталог (x64\Debug\) содержит файлы, которые используются совместно с другим проектом (Race.vcxproj, ScrollShooter.vcxproj).  Это может привести к ошибкам очистки и перестроения.
  Race.cpp
  Создание кода...
  Компиляция...
  main.cpp
  Shooter_enemies_cars.cpp
  Shooter.cpp
  Scroll_Shooter.cpp
  Player.cpp
  Menu.cpp
  Interface.cpp
  Hedges.cpp
  Entity.cpp
  Enemies_Cars.cpp
  Effects.cpp
  Direction.cpp
  Bullets.cpp
  Background.cpp
  Создание кода...
  ScrollShooter.vcxproj -> D:\Runner-games\x64\Debug\Runner games.exe
  ScrollShooter.vcxproj -> D:\Runner-games\x64\Debug\Runner games.pdb (Partial PDB)
